23:44:22.845 [TestNG-tests-1] INFO  testCases.TC_003_LoginSignUp - ****Clicking on up coming bikes****
23:44:29.421 [TestNG-tests-1] INFO  testCases.TC_003_LoginSignUp - ****Selecting bike manufacturer as Honda****
23:44:30.887 [TestNG-tests-1] INFO  testCases.TC_003_LoginSignUp - ****Scrolling the page****
23:44:37.846 [TestNG-tests-1] INFO  testCases.TC_003_LoginSignUp - ****Printing the bike details****
23:44:52.252 [TestNG-tests-1] INFO  testCases.TC_003_LoginSignUp - ****Navigating to home page****
23:44:56.541 [TestNG-tests-1] INFO  testCases.TC_003_LoginSignUp - ****Clicking on the used cars drop down and clicking on chennai****
23:45:04.473 [TestNG-tests-1] INFO  testCases.TC_003_LoginSignUp - ****Getting the popular car names****
23:45:32.734 [TestNG-tests-1] INFO  testCases.TC_003_LoginSignUp - ****Navigating to the home page****
23:45:37.141 [TestNG-tests-1] INFO  testCases.TC_003_LoginSignUp - ****Trying to login and capturing the error message****
23:54:06.781 [TestNG-tests-1] INFO  testCases.TC_003_LoginSignUp - ****Clicking on up coming bikes****
23:54:13.733 [TestNG-tests-1] INFO  testCases.TC_003_LoginSignUp - ****Selecting bike manufacturer as Honda****
23:54:16.972 [TestNG-tests-1] INFO  testCases.TC_003_LoginSignUp - ****Scrolling the page****
23:54:28.876 [TestNG-tests-1] INFO  testCases.TC_003_LoginSignUp - ****Printing the bike details****
23:54:45.307 [TestNG-tests-1] INFO  testCases.TC_003_LoginSignUp - ****Navigating to home page****
23:54:51.509 [TestNG-tests-1] INFO  testCases.TC_003_LoginSignUp - ****Clicking on the used cars drop down and clicking on chennai****
23:54:59.851 [TestNG-tests-1] INFO  testCases.TC_003_LoginSignUp - ****Getting the popular car names****
23:55:26.663 [TestNG-tests-1] INFO  testCases.TC_003_LoginSignUp - ****Navigating to the home page****
23:55:30.539 [TestNG-tests-1] INFO  testCases.TC_003_LoginSignUp - ****Trying to login and capturing the error message****
00:14:24.932 [TestNG-tests-1] INFO  testCases.TC_003_LoginSignUp - ****Clicking on up coming bikes****
00:14:30.633 [TestNG-tests-1] INFO  testCases.TC_003_LoginSignUp - ****Selecting bike manufacturer as Honda****
00:14:33.307 [TestNG-tests-1] INFO  testCases.TC_003_LoginSignUp - ****Scrolling the page****
00:14:41.526 [TestNG-tests-1] INFO  testCases.TC_003_LoginSignUp - ****Printing the bike details****
00:14:51.683 [TestNG-tests-1] INFO  testCases.TC_003_LoginSignUp - ****Navigating to home page****
00:14:56.393 [TestNG-tests-1] INFO  testCases.TC_003_LoginSignUp - ****Clicking on the used cars drop down and clicking on chennai****
00:15:04.689 [TestNG-tests-1] INFO  testCases.TC_003_LoginSignUp - ****Getting the popular car names****
00:15:32.466 [TestNG-tests-1] INFO  testCases.TC_003_LoginSignUp - ****Navigating to the home page****
00:15:36.197 [TestNG-tests-1] INFO  testCases.TC_003_LoginSignUp - ****Trying to login and capturing the error message****
00:16:29.024 [TestNG-tests-1] INFO  testCases.TC_003_LoginSignUp - ****Clicking on up coming bikes****
00:16:34.536 [TestNG-tests-1] INFO  testCases.TC_003_LoginSignUp - ****Selecting bike manufacturer as Honda****
00:16:36.430 [TestNG-tests-1] INFO  testCases.TC_003_LoginSignUp - ****Scrolling the page****
00:16:43.628 [TestNG-tests-1] INFO  testCases.TC_003_LoginSignUp - ****Printing the bike details****
00:16:56.888 [TestNG-tests-1] INFO  testCases.TC_003_LoginSignUp - ****Navigating to home page****
00:17:02.365 [TestNG-tests-1] INFO  testCases.TC_003_LoginSignUp - ****Clicking on the used cars drop down and clicking on chennai****
00:17:12.120 [TestNG-tests-1] INFO  testCases.TC_003_LoginSignUp - ****Getting the popular car names****
00:17:39.281 [TestNG-tests-1] INFO  testCases.TC_003_LoginSignUp - ****Navigating to the home page****
00:17:43.321 [TestNG-tests-1] INFO  testCases.TC_003_LoginSignUp - ****Trying to login and capturing the error message****
09:23:01.696 [TestNG-tests-1] INFO  testCases.TC_003_LoginSignUp - ****Clicking on up coming bikes****
09:24:23.704 [TestNG-tests-1] INFO  testCases.TC_003_LoginSignUp - ****Selecting bike manufacturer as Honda****
09:24:56.617 [TestNG-tests-1] INFO  testCases.TC_003_LoginSignUp - ****Scrolling the page****
09:25:05.369 [TestNG-tests-1] INFO  testCases.TC_003_LoginSignUp - ****Printing the bike details****
09:25:12.857 [TestNG-tests-1] INFO  testCases.TC_003_LoginSignUp - ****Navigating to home page****
09:25:17.940 [TestNG-tests-1] INFO  testCases.TC_003_LoginSignUp - ****Clicking on the used cars drop down and clicking on chennai****
09:25:49.742 [TestNG-tests-1] INFO  testCases.TC_003_LoginSignUp - ****Getting the popular car names****
09:26:16.212 [TestNG-tests-1] INFO  testCases.TC_003_LoginSignUp - ****Navigating to the home page****
09:26:20.900 [TestNG-tests-1] INFO  testCases.TC_003_LoginSignUp - ****Trying to login and capturing the error message****
09:28:39.868 [TestNG-tests-1] INFO  testCases.TC_003_LoginSignUp - ****Trying to login and capturing the error message****
10:05:29.962 [TestNG-tests-1] INFO  testCases.TC_003_LoginSignUp - ****Clicking on up coming bikes****
10:05:32.145 [TestNG-tests-1] INFO  testCases.TC_003_LoginSignUp - ****Clicking on the used cars drop down and clicking on chennai****
10:05:32.192 [TestNG-tests-1] INFO  testCases.TC_003_LoginSignUp - ****Trying to login and capturing the error message****
10:26:26.257 [TestNG-tests-1] INFO  testCases.TC_003_LoginSignUp - ****Clicking on up coming bikes****
10:26:46.849 [TestNG-tests-1] INFO  testCases.TC_003_LoginSignUp - ****Clicking on the used cars drop down and clicking on chennai****
10:26:47.001 [TestNG-tests-1] INFO  testCases.TC_003_LoginSignUp - ****Trying to login and capturing the error message****
10:29:36.266 [TestNG-tests-1] INFO  testCases.TC_003_LoginSignUp - ****Clicking on up coming bikes****
10:29:46.773 [TestNG-tests-1] INFO  testCases.TC_003_LoginSignUp - ****Clicking on the used cars drop down and clicking on chennai****
10:31:02.352 [TestNG-tests-1] INFO  testCases.TC_003_LoginSignUp - ****Getting the popular car names****
10:31:30.106 [TestNG-tests-1] INFO  testCases.TC_003_LoginSignUp - ****Navigating to the home page****
10:31:33.886 [TestNG-tests-1] INFO  testCases.TC_003_LoginSignUp - ****Trying to login and capturing the error message****
10:47:29.128 [TestNG-tests-1] INFO  testCases.TC_003_LoginSignUp - ****Clicking on up coming bikes****
10:47:39.448 [TestNG-tests-1] INFO  testCases.TC_003_LoginSignUp - ****Clicking on the used cars drop down and clicking on chennai****
10:49:00.273 [TestNG-tests-1] INFO  testCases.TC_003_LoginSignUp - ****Getting the popular car names****
10:49:27.618 [TestNG-tests-1] INFO  testCases.TC_003_LoginSignUp - ****Navigating to the home page****
10:49:31.535 [TestNG-tests-1] INFO  testCases.TC_003_LoginSignUp - ****Trying to login and capturing the error message****
11:00:14.235 [TestNG-tests-1] INFO  testCases.TC_003_LoginSignUp - ****Clicking on up coming bikes****
11:00:37.828 [TestNG-tests-1] INFO  testCases.TC_003_LoginSignUp - ****Selecting bike manufacturer as Honda****
11:00:37.936 [TestNG-tests-1] INFO  testCases.TC_003_LoginSignUp - ****Clicking on the used cars drop down and clicking on chennai****
11:00:37.987 [TestNG-tests-1] INFO  testCases.TC_003_LoginSignUp - ****Trying to login and capturing the error message****
11:03:35.150 [TestNG-tests-1] INFO  testCases.TC_003_LoginSignUp - ****Clicking on up coming bikes****
11:03:41.568 [TestNG-tests-1] INFO  testCases.TC_003_LoginSignUp - ****Selecting bike manufacturer as Honda****
11:03:44.110 [TestNG-tests-1] INFO  testCases.TC_003_LoginSignUp - ****Scrolling the page****
11:03:51.278 [TestNG-tests-1] INFO  testCases.TC_003_LoginSignUp - ****Printing the bike details****
11:03:58.172 [TestNG-tests-1] INFO  testCases.TC_003_LoginSignUp - ****Navigating to home page****
11:04:11.592 [TestNG-tests-1] INFO  testCases.TC_003_LoginSignUp - ****Clicking on the used cars drop down and clicking on chennai****
11:05:00.643 [TestNG-tests-1] INFO  testCases.TC_003_LoginSignUp - ****Getting the popular car names****
11:05:27.786 [TestNG-tests-1] INFO  testCases.TC_003_LoginSignUp - ****Navigating to the home page****
11:05:40.484 [TestNG-tests-1] INFO  testCases.TC_003_LoginSignUp - ****Trying to login and capturing the error message****
12:11:14.984 [TestNG-tests-1] INFO  testCases.TC_003_LoginSignUp - ****Clicking on up coming bikes****
12:11:25.360 [TestNG-tests-1] INFO  testCases.TC_003_LoginSignUp - ****Clicking on the used cars drop down and clicking on chennai****
12:11:35.655 [TestNG-tests-1] INFO  testCases.TC_003_LoginSignUp - ****Trying to login and capturing the error message****
12:13:56.300 [TestNG-tests-1] INFO  testCases.TC_003_LoginSignUp - ****Clicking on up coming bikes****
12:14:33.206 [TestNG-tests-1] INFO  testCases.TC_003_LoginSignUp - ****Selecting bike manufacturer as Honda****
12:15:06.327 [TestNG-tests-1] INFO  testCases.TC_003_LoginSignUp - ****Scrolling the page****
12:15:14.400 [TestNG-tests-1] INFO  testCases.TC_003_LoginSignUp - ****Printing the bike details****
12:15:29.132 [TestNG-tests-1] INFO  testCases.TC_003_LoginSignUp - ****Navigating to home page****
12:15:34.163 [TestNG-tests-1] INFO  testCases.TC_003_LoginSignUp - ****Clicking on the used cars drop down and clicking on chennai****
12:16:11.422 [TestNG-tests-1] INFO  testCases.TC_003_LoginSignUp - ****Getting the popular car names****
12:16:37.748 [TestNG-tests-1] INFO  testCases.TC_003_LoginSignUp - ****Navigating to the home page****
12:16:41.973 [TestNG-tests-1] INFO  testCases.TC_003_LoginSignUp - ****Trying to login and capturing the error message****
10:17:02.011 [TestNG-tests-1] INFO  testCases.TC_003_LoginSignUp - ****Clicking on up coming bikes****
10:17:31.107 [TestNG-tests-1] INFO  testCases.TC_003_LoginSignUp - ****Selecting bike manufacturer as Honda****
10:17:31.289 [TestNG-tests-1] INFO  testCases.TC_003_LoginSignUp - ****Clicking on the used cars drop down and clicking on chennai****
10:17:31.332 [TestNG-tests-1] INFO  testCases.TC_003_LoginSignUp - ****Trying to login and capturing the error message****
10:26:23.886 [TestNG-tests-1] INFO  testCases.TC_003_LoginSignUp - ****Clicking on up coming bikes****
10:27:27.945 [TestNG-tests-1] INFO  testCases.TC_003_LoginSignUp - ****Selecting bike manufacturer as Honda****
10:28:01.138 [TestNG-tests-1] INFO  testCases.TC_003_LoginSignUp - ****Scrolling the page****
10:28:08.246 [TestNG-tests-1] INFO  testCases.TC_003_LoginSignUp - ****Printing the bike details****
10:28:17.570 [TestNG-tests-1] INFO  testCases.TC_003_LoginSignUp - ****Navigating to home page****
10:28:21.606 [TestNG-tests-1] INFO  testCases.TC_003_LoginSignUp - ****Clicking on the used cars drop down and clicking on chennai****
10:29:08.400 [TestNG-tests-1] INFO  testCases.TC_003_LoginSignUp - ****Getting the popular car names****
10:29:31.583 [TestNG-tests-1] INFO  testCases.TC_003_LoginSignUp - ****Navigating to the home page****
10:29:35.283 [TestNG-tests-1] INFO  testCases.TC_003_LoginSignUp - ****Trying to login and capturing the error message****
12:17:50.665 [TestNG-tests-1] INFO  testCases.TC_003_LoginSignUp - ****Clicking on up coming bikes****
12:18:30.144 [TestNG-tests-1] INFO  testCases.TC_003_LoginSignUp - ****Selecting bike manufacturer as Honda****
12:18:33.495 [TestNG-tests-1] INFO  testCases.TC_003_LoginSignUp - ****Scrolling the page****
12:18:40.125 [TestNG-tests-1] INFO  testCases.TC_003_LoginSignUp - ****Printing the bike details****
12:18:47.250 [TestNG-tests-1] INFO  testCases.TC_003_LoginSignUp - ****Navigating to home page****
12:18:59.591 [TestNG-tests-1] INFO  testCases.TC_003_LoginSignUp - ****Clicking on the used cars drop down and clicking on chennai****
12:19:35.845 [TestNG-tests-1] INFO  testCases.TC_003_LoginSignUp - ****Getting the popular car names****
12:20:03.175 [TestNG-tests-1] INFO  testCases.TC_003_LoginSignUp - ****Navigating to the home page****
12:20:08.547 [TestNG-tests-1] INFO  testCases.TC_003_LoginSignUp - ****Trying to login and capturing the error message****
12:36:35.634 [main] INFO  testCases.TC_003_LoginSignUp - ****Clicking on up coming bikes****
12:37:20.897 [main] INFO  testCases.TC_003_LoginSignUp - ****Selecting bike manufacturer as Honda****
12:38:16.828 [main] INFO  testCases.TC_003_LoginSignUp - ****Scrolling the page****
12:38:23.955 [main] INFO  testCases.TC_003_LoginSignUp - ****Printing the bike details****
12:38:32.049 [main] INFO  testCases.TC_003_LoginSignUp - ****Navigating to home page****
12:38:36.737 [main] INFO  testCases.TC_003_LoginSignUp - ****Clicking on the used cars drop down and clicking on chennai****
12:39:08.620 [main] INFO  testCases.TC_003_LoginSignUp - ****Getting the popular car names****
12:39:34.453 [main] INFO  testCases.TC_003_LoginSignUp - ****Navigating to the home page****
12:39:38.526 [main] INFO  testCases.TC_003_LoginSignUp - ****Trying to login and capturing the error message****
12:50:14.461 [main] INFO  testCases.TC_003_LoginSignUp - ****Clicking on up coming bikes****
12:50:56.033 [main] INFO  testCases.TC_003_LoginSignUp - ****Selecting bike manufacturer as Honda****
12:51:28.880 [main] INFO  testCases.TC_003_LoginSignUp - ****Scrolling the page****
12:51:36.470 [main] INFO  testCases.TC_003_LoginSignUp - ****Printing the bike details****
12:51:44.312 [main] INFO  testCases.TC_003_LoginSignUp - ****Navigating to home page****
12:51:51.366 [main] INFO  testCases.TC_003_LoginSignUp - ****Clicking on the used cars drop down and clicking on chennai****
12:52:27.996 [main] INFO  testCases.TC_003_LoginSignUp - ****Getting the popular car names****
12:52:54.118 [main] INFO  testCases.TC_003_LoginSignUp - ****Navigating to the home page****
12:52:58.272 [main] INFO  testCases.TC_003_LoginSignUp - ****Trying to login and capturing the error message****
12:55:16.344 [main] INFO  testCases.TC_003_LoginSignUp - ****Clicking on up coming bikes****
12:55:30.920 [main] INFO  testCases.TC_003_LoginSignUp - ****Selecting bike manufacturer as Honda****
12:56:02.039 [main] INFO  testCases.TC_003_LoginSignUp - ****Scrolling the page****
12:56:09.058 [main] INFO  testCases.TC_003_LoginSignUp - ****Printing the bike details****
12:56:16.823 [main] INFO  testCases.TC_003_LoginSignUp - ****Navigating to home page****
12:56:52.125 [main] INFO  testCases.TC_003_LoginSignUp - ****Clicking on the used cars drop down and clicking on chennai****
12:57:30.180 [main] INFO  testCases.TC_003_LoginSignUp - ****Getting the popular car names****
12:57:56.271 [main] INFO  testCases.TC_003_LoginSignUp - ****Navigating to the home page****
12:58:47.471 [main] INFO  testCases.TC_003_LoginSignUp - ****Trying to login and capturing the error message****
13:17:29.311 [main] INFO  testCases.TC_003_LoginSignUp - ****Clicking on up coming bikes****
13:17:44.410 [main] INFO  testCases.TC_003_LoginSignUp - ****Clicking on the used cars drop down and clicking on chennai****
13:18:09.669 [main] INFO  testCases.TC_003_LoginSignUp - ****Getting the popular car names****
13:18:36.478 [main] INFO  testCases.TC_003_LoginSignUp - ****Trying to login and capturing the error message****
13:20:55.916 [main] INFO  testCases.TC_003_LoginSignUp - ****Clicking on up coming bikes****
13:22:01.105 [main] INFO  testCases.TC_003_LoginSignUp - ****Selecting bike manufacturer as Honda****
13:22:34.671 [main] INFO  testCases.TC_003_LoginSignUp - ****Scrolling the page****
13:22:41.924 [main] INFO  testCases.TC_003_LoginSignUp - ****Printing the bike details****
13:22:50.759 [main] INFO  testCases.TC_003_LoginSignUp - ****Navigating to home page****
13:22:55.622 [main] INFO  testCases.TC_003_LoginSignUp - ****Clicking on the used cars drop down and clicking on chennai****
13:23:27.454 [main] INFO  testCases.TC_003_LoginSignUp - ****Getting the popular car names****
13:23:53.233 [main] INFO  testCases.TC_003_LoginSignUp - ****Navigating to the home page****
13:23:57.124 [main] INFO  testCases.TC_003_LoginSignUp - ****Trying to login and capturing the error message****
13:26:07.800 [main] INFO  testCases.TC_003_LoginSignUp - ****Clicking on up coming bikes****
13:26:42.713 [main] INFO  testCases.TC_003_LoginSignUp - ****Selecting bike manufacturer as Honda****
13:27:17.327 [main] INFO  testCases.TC_003_LoginSignUp - ****Scrolling the page****
13:27:24.164 [main] INFO  testCases.TC_003_LoginSignUp - ****Printing the bike details****
13:27:35.612 [main] INFO  testCases.TC_003_LoginSignUp - ****Navigating to home page****
13:27:41.083 [main] INFO  testCases.TC_003_LoginSignUp - ****Clicking on the used cars drop down and clicking on chennai****
13:28:12.056 [main] INFO  testCases.TC_003_LoginSignUp - ****Getting the popular car names****
13:28:37.799 [main] INFO  testCases.TC_003_LoginSignUp - ****Navigating to the home page****
13:28:41.572 [main] INFO  testCases.TC_003_LoginSignUp - ****Trying to login and capturing the error message****
13:32:41.175 [main] INFO  testCases.TC_003_LoginSignUp - ****Clicking on up coming bikes****
13:33:33.674 [main] INFO  testCases.TC_003_LoginSignUp - ****Selecting bike manufacturer as Honda****
13:34:06.979 [main] INFO  testCases.TC_003_LoginSignUp - ****Scrolling the page****
13:34:13.954 [main] INFO  testCases.TC_003_LoginSignUp - ****Printing the bike details****
13:34:23.109 [main] INFO  testCases.TC_003_LoginSignUp - ****Navigating to home page****
13:34:29.023 [main] INFO  testCases.TC_003_LoginSignUp - ****Clicking on the used cars drop down and clicking on chennai****
13:35:05.429 [main] INFO  testCases.TC_003_LoginSignUp - ****Getting the popular car names****
13:35:31.864 [main] INFO  testCases.TC_003_LoginSignUp - ****Navigating to the home page****
13:35:36.074 [main] INFO  testCases.TC_003_LoginSignUp - ****Trying to login and capturing the error message****
13:38:06.565 [main] INFO  testCases.TC_003_LoginSignUp - ****Clicking on up coming bikes****
13:39:01.750 [main] INFO  testCases.TC_003_LoginSignUp - ****Selecting bike manufacturer as Honda****
13:39:08.178 [main] INFO  testCases.TC_003_LoginSignUp - ****Scrolling the page****
13:39:15.042 [main] INFO  testCases.TC_003_LoginSignUp - ****Printing the bike details****
13:39:23.260 [main] INFO  testCases.TC_003_LoginSignUp - ****Navigating to home page****
13:39:27.948 [main] INFO  testCases.TC_003_LoginSignUp - ****Clicking on the used cars drop down and clicking on chennai****
13:39:36.785 [main] INFO  testCases.TC_003_LoginSignUp - ****Getting the popular car names****
13:40:00.447 [main] INFO  testCases.TC_003_LoginSignUp - ****Navigating to the home page****
13:40:35.870 [main] INFO  testCases.TC_003_LoginSignUp - ****Trying to login and capturing the error message****
